# JRE version: OpenJDK Runtime Environment Zulu17.44+15-CA (17.0.8+7) (build 17.0.8+7-LTS)
# Java VM: OpenJDK 64-Bit Server VM Zulu17.44+15-CA (17.0.8+7-LTS, mixed mode, sharing, tiered, compressed oops, compressed class ptrs, g1 gc, windows-amd64)
GC Precious Log:
 CPUs: 2 total, 2 available
 Memory: 3977M
 Large Page Support: Disabled
 NUMA Support: Disabled
 Compressed Oops: Enabled (32-bit)
 Heap Region Size: 1M
 Heap Min Capacity: 8M
 Heap Initial Capacity: 64M
 Heap Max Capacity: 996M
 Pre-touch: Disabled
 Parallel Workers: 2
 Concurrent Workers: 1
 Concurrent Refinement Workers: 2
 Periodic GC: Disabled
Heap:
 garbage-first heap   total 48128K, used 34450K [0x00000000c1c00000, 0x0000000100000000)
  region size 1024K, 20 young (20480K), 3 survivors (3072K)
 Metaspace       used 43066K, committed 43520K, reserved 1114112K
  class space    used 5554K, committed 5760K, reserved 1048576K
GC Heap History (20 events):
Event: 1.429 GC heap before
{Heap before GC invocations=0 (full 0):
 garbage-first heap   total 65536K, used 6144K [0x00000000c1c00000, 0x0000000100000000)
  region size 1024K, 6 young (6144K), 0 survivors (0K)
 Metaspace       used 656K, committed 832K, reserved 1114112K
  class space    used 33K, committed 128K, reserved 1048576K
}
Event: 1.511 GC heap after
{Heap after GC invocations=1 (full 0):
 garbage-first heap   total 65536K, used 4875K [0x00000000c1c00000, 0x0000000100000000)
  region size 1024K, 1 young (1024K), 1 survivors (1024K)
 Metaspace       used 656K, committed 832K, reserved 1114112K
  class space    used 33K, committed 128K, reserved 1048576K
}
Event: 2.046 GC heap before
{Heap before GC invocations=1 (full 0):
 garbage-first heap   total 65536K, used 6923K [0x00000000c1c00000, 0x0000000100000000)
  region size 1024K, 3 young (3072K), 1 survivors (1024K)
 Metaspace       used 1793K, committed 1984K, reserved 1114112K
  class space    used 141K, committed 256K, reserved 1048576K
}
Event: 2.050 GC heap after
{Heap after GC invocations=2 (full 0):
 garbage-first heap   total 65536K, used 5156K [0x00000000c1c00000, 0x0000000100000000)
  region size 1024K, 1 young (1024K), 1 survivors (1024K)
 Metaspace       used 1793K, committed 1984K, reserved 1114112K
  class space    used 141K, committed 256K, reserved 1048576K
}
Event: 3.824 GC heap before
{Heap before GC invocations=2 (full 0):
 garbage-first heap   total 65536K, used 14372K [0x00000000c1c00000, 0x0000000100000000)
  region size 1024K, 10 young (10240K), 1 survivors (1024K)
 Metaspace       used 5195K, committed 5440K, reserved 1114112K
  class space    used 591K, committed 704K, reserved 1048576K
}
Event: 3.830 GC heap after
{Heap after GC invocations=3 (full 0):
 garbage-first heap   total 65536K, used 6287K [0x00000000c1c00000, 0x0000000100000000)
  region size 1024K, 2 young (2048K), 2 survivors (2048K)
 Metaspace       used 5195K, committed 5440K, reserved 1114112K
  class space    used 591K, committed 704K, reserved 1048576K
}
Event: 6.256 GC heap before
{Heap before GC invocations=3 (full 0):
 garbage-first heap   total 65536K, used 22671K [0x00000000c1c00000, 0x0000000100000000)
  region size 1024K, 19 young (19456K), 2 survivors (2048K)
 Metaspace       used 9811K, committed 10048K, reserved 1114112K
  class space    used 1188K, committed 1280K, reserved 1048576K
}
Event: 6.266 GC heap after
{Heap after GC invocations=4 (full 0):
 garbage-first heap   total 65536K, used 7483K [0x00000000c1c00000, 0x0000000100000000)
  region size 1024K, 3 young (3072K), 3 survivors (3072K)
 Metaspace       used 9811K, committed 10048K, reserved 1114112K
  class space    used 1188K, committed 1280K, reserved 1048576K
}
Event: 10.217 GC heap before
{Heap before GC invocations=4 (full 0):
 garbage-first heap   total 65536K, used 39227K [0x00000000c1c00000, 0x0000000100000000)
  region size 1024K, 35 young (35840K), 3 survivors (3072K)
 Metaspace       used 16842K, committed 17088K, reserved 1114112K
  class space    used 2037K, committed 2176K, reserved 1048576K
}
Event: 10.237 GC heap after
{Heap after GC invocations=5 (full 0):
 garbage-first heap   total 65536K, used 10396K [0x00000000c1c00000, 0x0000000100000000)
  region size 1024K, 5 young (5120K), 5 survivors (5120K)
 Metaspace       used 16842K, committed 17088K, reserved 1114112K
  class space    used 2037K, committed 2176K, reserved 1048576K
}
Event: 14.962 GC heap before
{Heap before GC invocations=5 (full 0):
 garbage-first heap   total 65536K, used 37020K [0x00000000c1c00000, 0x0000000100000000)
  region size 1024K, 33 young (33792K), 5 survivors (5120K)
 Metaspace       used 21252K, committed 21504K, reserved 1114112K
  class space    used 2634K, committed 2752K, reserved 1048576K
}
Event: 14.989 GC heap after
{Heap after GC invocations=6 (full 0):
 garbage-first heap   total 65536K, used 12374K [0x00000000c1c00000, 0x0000000100000000)
  region size 1024K, 3 young (3072K), 3 survivors (3072K)
 Metaspace       used 21252K, committed 21504K, reserved 1114112K
  class space    used 2634K, committed 2752K, reserved 1048576K
}
Event: 20.586 GC heap before
{Heap before GC invocations=7 (full 0):
 garbage-first heap   total 48128K, used 37974K [0x00000000c1c00000, 0x0000000100000000)
  region size 1024K, 28 young (28672K), 3 survivors (3072K)
 Metaspace       used 27323K, committed 27776K, reserved 1114112K
  class space    used 3452K, committed 3648K, reserved 1048576K
}
Event: 20.626 GC heap after
{Heap after GC invocations=8 (full 0):
 garbage-first heap   total 48128K, used 16152K [0x00000000c1c00000, 0x0000000100000000)
  region size 1024K, 4 young (4096K), 4 survivors (4096K)
 Metaspace       used 27323K, committed 27776K, reserved 1114112K
  class space    used 3452K, committed 3648K, reserved 1048576K
}
Event: 20.769 GC heap before
{Heap before GC invocations=8 (full 0):
 garbage-first heap   total 48128K, used 16152K [0x00000000c1c00000, 0x0000000100000000)
  region size 1024K, 5 young (5120K), 4 survivors (4096K)
 Metaspace       used 27335K, committed 27776K, reserved 1114112K
  class space    used 3452K, committed 3648K, reserved 1048576K
}
Event: 20.798 GC heap after
{Heap after GC invocations=9 (full 0):
 garbage-first heap   total 48128K, used 16153K [0x00000000c1c00000, 0x0000000100000000)
  region size 1024K, 1 young (1024K), 1 survivors (1024K)
 Metaspace       used 27335K, committed 27776K, reserved 1114112K
  class space    used 3452K, committed 3648K, reserved 1048576K
}
Event: 24.149 GC heap before
{Heap before GC invocations=9 (full 0):
 garbage-first heap   total 48128K, used 34585K [0x00000000c1c00000, 0x0000000100000000)
  region size 1024K, 19 young (19456K), 1 survivors (1024K)
 Metaspace       used 30931K, committed 31360K, reserved 1114112K
  class space    used 3954K, committed 4160K, reserved 1048576K
}
Event: 24.156 GC heap after
{Heap after GC invocations=10 (full 0):
 garbage-first heap   total 48128K, used 16932K [0x00000000c1c00000, 0x0000000100000000)
  region size 1024K, 2 young (2048K), 2 survivors (2048K)
 Metaspace       used 30931K, committed 31360K, reserved 1114112K
  class space    used 3954K, committed 4160K, reserved 1048576K
}
Event: 25.951 GC heap before
{Heap before GC invocations=10 (full 0):
 garbage-first heap   total 48128K, used 33316K [0x00000000c1c00000, 0x0000000100000000)
  region size 1024K, 19 young (19456K), 2 survivors (2048K)
 Metaspace       used 35594K, committed 35968K, reserved 1114112K
  class space    used 4635K, committed 4800K, reserved 1048576K
}
Event: 25.959 GC heap after
{Heap after GC invocations=11 (full 0):
 garbage-first heap   total 48128K, used 18066K [0x00000000c1c00000, 0x0000000100000000)
  region size 1024K, 3 young (3072K), 3 survivors (3072K)
 Metaspace       used 35594K, committed 35968K, reserved 1114112K
  class space    used 4635K, committed 4800K, reserved 1048576K
}

